<?xml version="1.0" encoding="UTF-8"?>
<!-- Generated by org.testng.reporters.JUnitReportReporter -->
<testsuite hostname="DESKTOP-9FLN0R0" failures="0" tests="1" name="tests.SeleniumLoginTest" time="15.094" errors="0" timestamp="06 Jan 2018 23:36:46 GMT" skipped="0">
  <testcase classname="tests.SeleniumLoginTest" name="testlogin" time="15.094"/>
</testsuite> <!-- tests.SeleniumLoginTest -->
